tm_add_correct left side (31 formulas):

[0] Extensionality: Extensionality
[1] Pairing: Pairing
[2] Infinity: Infinity
[3] Union: Union
[4] Separation: Separation(v.1 => exists v.1e6c2/*_pr0*/. (exists v.1e6c3/*_p0*/. ((v.1e6c2/*_pr0*/ = <v.1e6c0/*_m*/,v.1>) and ((v.1e3a4/*h*/(v.1e6c2/*_pr0*/) = v.1e6c3/*_p0*/) and (v.1e6c3/*_p0*/ in v.1e3a3/*w*/)))))
[5] Separation: Separation(v.1 => exists v.1cd7b/*_pr0*/. (exists v.1cd7c/*_p0*/. ((v.1cd7b/*_pr0*/ = <v.1cb53/*_mv*/,v.1>) and ((v.1cb51/*h1*/(v.1cd7b/*_pr0*/) = v.1cd7c/*_p0*/) and (v.1cb52/*h2*/(v.1cd7b/*_pr0*/) = v.1cd7c/*_p0*/)))))
[6] Separation: Separation(v.1 => exists v.1d9ff/*_yb*/. (v.1d9f9/*h*/(v.1) = v.1d9ff/*_yb*/))
[7] Separation: Separation(v.1 => exists v.1da90/*x*/. (exists v.1da91/*y*/. ((v.1da90/*x*/ in v.1da8d/*a*/) and ((v.1da91/*y*/ in v.1da8e/*b*/) and (v.1 = <v.1da90/*x*/,v.1da91/*y*/>)))))
[8] PowerSet: PowerSet
[9] Separation: Separation(v.1 => exists v.e783/*yi*/. ((v.e745/*h*/(v.1) = v.e783/*yi*/) and ((v.e746/*h2*/(v.1) = v.e783/*yi*/) and (exists v.e784/*zi*/. (v.e743/*f*/(v.e783/*yi*/) = v.e784/*zi*/)))))
[10] Separation: Separation(v.1 => exists v.1c2b0/*ye*/. ((v.1c0b3/*h*/(v.1) = v.1c2b0/*ye*/) and (v.1c2b0/*ye*/ in v.1c0b0/*w*/)))
[11] Separation: Separation(v.1 => exists v.1029a/*nf*/. ((v.1029a/*nf*/ in v.10297) and (exists v.1029b. (exists v.1029c. (((RecApprox(v.1029b, v.10295, v.10296, v.10297)) and (v.1029b(v.1029a/*nf*/) = v.1029c)) and (v.1 = <v.1029a/*nf*/,v.1029c>))))))
[12] Separation: Separation(v.1 => forall v.134bc. (forall v.134bd. (forall v.134be. (forall v.134bf. ((RecApprox(v.134bc, v.134b8, v.134b9, v.134ba)) implies ((RecApprox(v.134bd, v.134b8, v.134b9, v.134ba)) implies ((v.134bc(v.1) = v.134be) implies ((v.134bd(v.1) = v.134bf) implies (v.134be = v.134bf)))))))))
[13] Separation: Separation(v.1 => TransitiveSet(v.1))
[14] Separation: Separation(v.1 => exists v.187d1. ((RecApprox(v.187d1, v.187cd, v.187ce, v.187cf)) and (exists v.187d2. (v.187d1(v.1) = v.187d2))))
[15] Separation: Separation(v.1 => exists v.6fc/*_m*/. ((v.6fc/*_m*/ in v.275/*w*/) and (exists v.6fd/*_n*/. (exists v.6fe/*_y*/. (exists v.6ff/*_pair*/. ((v.6ff/*_pair*/ = <v.6fc/*_m*/,v.6fd/*_n*/>) and ((v.1 = <v.6ff/*_pair*/,v.6fe/*_y*/>) and (exists v.700/*_hm*/. ((Recursive(v.700/*_hm*/, v.6fc/*_m*/, v.6f7/*sf*/, v.275/*w*/)) and (v.700/*_hm*/(v.6fd/*_n*/) = v.6fe/*_y*/))))))))))
[16] Separation: Separation(v.1 => exists v.27b/*x*/. ((v.27b/*x*/ in v.278/*w*/) and (exists v.27c/*sr*/. ((v.27c/*sr*/ = S(v.27b/*x*/)) and (v.1 = <v.27b/*x*/,v.27c/*sr*/>)))))
[17] Separation: Separation(v.1 => (v.1 in v.1fb75/*w*/) and (forall v.1fb96/*_zv*/. ((v.1fb96/*_zv*/ = {}) implies (forall v.1fb97/*_pv*/. ((v.1fb97/*_pv*/ = <v.1fb96/*_zv*/,v.1>) implies (v.1fb76/*h*/(v.1fb97/*_pv*/) = v.1))))))
[18] Separation: Separation(v.1 => exists v.20600/*_pr0*/. (exists v.20601/*_p0*/. ((v.20600/*_pr0*/ = <v.205f5/*_m*/,v.1>) and ((v.20255/*h*/(v.20600/*_pr0*/) = v.20601/*_p0*/) and (forall v.20602/*_psm*/. ((v.20602/*_psm*/ = <v.205f6/*_sm*/,v.1>) implies (forall v.20603/*_sp0*/. ((v.20603/*_sp0*/ = S(v.20601/*_p0*/)) implies (v.20255/*h*/(v.20602/*_psm*/) = v.20603/*_sp0*/)))))))))
[19] Separation: Separation(v.1 => exists v.1fb38/*_pr0*/. (exists v.1fb39/*_p0*/. ((v.1fb38/*_pr0*/ = <v.1fb36/*_m*/,v.1>) and ((v.1f7f7/*h*/(v.1fb38/*_pr0*/) = v.1fb39/*_p0*/) and (forall v.1fb3a/*_pnm*/. ((v.1fb3a/*_pnm*/ = <v.1,v.1fb36/*_m*/>) implies (v.1f7f7/*h*/(v.1fb3a/*_pnm*/) = v.1fb39/*_p0*/)))))))
[20] EmptySet: EmptySet
[21] Separation: Separation(v.1 => not (v.1 in v.1))
[22] Separation: Separation(v.1 => forall v.60a2a/*kv*/. ((v.60a2a/*kv*/ in v.1) implies (v.60a2a/*kv*/ in v.60a29/*w*/)))
[23] Separation: Separation(v.1 => exists v.60cb3/*cv*/. ((v.60cb0/*a*/ + v.1 = v.60cb3/*cv*/) and ((v.60cb0/*a*/ = v.60cb3/*cv*/) or (v.60cb0/*a*/ in v.60cb3/*cv*/))))
[24] Separation: Separation(v.1 => (v.1 = {}) or (exists v.423d7/*kv*/. ((v.1 = S(v.423d7/*kv*/)) and (v.423d7/*kv*/ in v.1))))
[25] Separation: Separation(v.1 => forall v.db492/*c*/. ((v.db48e/*m*/ + v.1 = v.db492/*c*/) implies (forall v.db493/*x*/. ((v.db493/*x*/ in v.db492/*c*/) implies ((not (v.db493/*x*/ in v.db48e/*m*/)) implies ((not (v.db493/*x*/ = v.db48e/*m*/)) implies (exists v.db494/*j*/. ((v.db494/*j*/ in v.1) and (v.db48f/*sm*/ + v.db494/*j*/ = v.db493/*x*/)))))))))
[26] Separation: Separation(v.1 => (v.1 = <v.bcd28/*pos*/,v.bcd29/*val*/>) or ((v.1 in v.bcd27/*t*/) and (not (exists v.bcd2c/*yv*/. (v.1 = <v.bcd28/*pos*/,v.bcd2c/*yv*/>)))))
[27] Separation: Separation(v.1 => ((v.1 in v.197e78/*a*/) or (v.1 = v.197e78/*a*/)) implies (P1Ind(v.1,v.197e75/*d*/,v.197e76/*q0*/,v.197e79/*tape*/,v.197e7a/*c0*/)))
[28] Separation: Separation(v.1 => forall v.1a09d3. ((Inductive(v.1a09d3)) implies (v.1 in v.1a09d3)))
[29] Separation: Separation(v.1 => ((v.1 in v.1a0a9d/*b*/) or (v.1 = v.1a0a9d/*b*/)) implies (P3Ind(v.1)))
[30] Separation: Separation(v.1 => ((v.1 in v.1cba27/*b*/) or (v.1 = v.1cba27/*b*/)) implies (exists v.1cba32/*pj*/. (exists v.1cba33/*cj*/. ((v.1cba26/*a*/ + v.1 = v.1cba32/*pj*/) and ((v.1cba2a(v.1) = v.1cba33/*cj*/) and ((TM(v.1cba22/*d*/) reaches v.1cba33/*cj*/ from v.1cba23/*x*/ in v.1cba32/*pj*/ steps)))))))

All ZFC? True
qed(ZFC)? True
